<?xml version="1.0" encoding="UTF-8"?>
<!-- Generated by org.testng.reporters.JUnitReportReporter -->
<testsuite hostname="FESLAP126" failures="0" tests="2" name="com.testng.Restassured.App" time="3.557" errors="0" timestamp="2023-10-09T12:28:32 IST" skipped="0">
  <testcase classname="com.testng.Restassured.App" name="Addbook" time="0.245"/>
  <system-out/>
  <testcase classname="com.testng.Restassured.App" name="Addbook" time="3.312"/>
  <system-out/>
</testsuite> <!-- com.testng.Restassured.App -->
